<?xml version="1.0" encoding="utf-8"?><testsuites name="pytest tests"><testsuite name="pytest" errors="0" failures="1" skipped="0" tests="22" time="6.747" timestamp="2026-09-14T10:15:15.622663+00:00" hostname="agent-env-2047e3a7-d70f-4c64-8920-17ab93cb7b80"><testcase classname="tests.test_backend" name="test_login_ok" time="0.769" /><testcase classname="tests.test_backend" name="test_login_bad" time="0.521" /><testcase classname="tests.test_backend" name="test_me_requires_auth" time="0.075" /><testcase classname="tests.test_backend" name="test_me_with_bearer" time="0.458" /><testcase classname="tests.test_backend" name="test_register_duplicate" time="0.096" /><testcase classname="tests.test_backend" name="test_dashboard" time="0.067" /><testcase classname="tests.test_backend" name="test_analytics" time="0.070" /><testcase classname="tests.test_backend" name="test_budget" time="0.085" /><testcase classname="tests.test_backend" name="test_alerts" time="0.091" /><testcase classname="tests.test_backend" name="test_calendar" time="0.094" /><testcase classname="tests.test_backend" name="test_transactions_list_filters" time="0.092" /><testcase classname="tests.test_backend" name="test_transaction_crud_and_dashboard_reflect" time="0.454" /><testcase classname="tests.test_backend" name="test_transaction_recurrence_creates_series" time="0.419" /><testcase classname="tests.test_backend" name="test_generic_crud[categories-payload0]" time="0.352" /><testcase classname="tests.test_backend" name="test_generic_crud[accounts-payload1]" time="0.358" /><testcase classname="tests.test_backend" name="test_generic_crud[tasks-payload2]" time="0.400" /><testcase classname="tests.test_backend" name="test_generic_crud[reminders-payload3]" time="0.298" /><testcase classname="tests.test_backend" name="test_generic_crud[notes-payload4]" time="0.331" /><testcase classname="tests.test_backend" name="test_generic_crud[opportunities-payload5]" time="0.362" /><testcase classname="tests.test_backend" name="test_generic_crud[goals-payload6]" time="0.322" /><testcase classname="tests.test_backend" name="test_settings_get_and_update" time="0.144" /><testcase classname="tests.test_backend" name="test_pay_updates_dashboard" time="0.373"><failure message="assert (77.0 &gt;= 3310.0 or 77.0 &gt;= 3310.0)">backend/tests/test_backend.py:214: in test_pay_updates_dashboard
    assert r1["saidas_mes"] &gt;= r0["saidas_mes"] or r1["contas_pagas"] &gt;= r0["contas_pagas"]
E   assert (77.0 &gt;= 3310.0 or 77.0 &gt;= 3310.0)</failure></testcase></testsuite></testsuites>